Using pre-set license
Built from '2020.2/release' branch; Version is '2020.2.2f1 (068178b99f32) revision 426360'; Using compiler version '192528614'; Build Type 'Release'
OS: 'Windows 10 Home; OS build 22000.282; Version 2009; 64bit' Language: 'el' Physical Memory: 16129 MB
BatchMode: 1, IsHumanControllingUs: 0, StartBugReporterOnCrash: 0, Is64bit: 1, IsPro: 0

 COMMAND LINE ARGUMENTS:
C:\Program Files\Unity\Hub\Editor\2020.2.2f1\Editor\Unity.exe
-adb2
-batchMode
-noUpm
-name
AssetImportWorker0
-projectPath
C:/UnityProject/hy569-unity/UnityProject
-logFile
Logs/AssetImportWorker0.log
-srvPort
52941
Successfully changed project path to: C:/UnityProject/hy569-unity/UnityProject
C:/UnityProject/hy569-unity/UnityProject
Using Asset Import Pipeline V2.
Refreshing native plugins compatible for Editor in 29.69 ms, found 0 plugins.
Preloading 0 native plugins for Editor in 0.00 ms.
Initialize engine version: 2020.2.2f1 (068178b99f32)
[Subsystems] Discovering subsystems at path C:/Program Files/Unity/Hub/Editor/2020.2.2f1/Editor/Data/Resources/UnitySubsystems
[Subsystems] Discovering subsystems at path C:/UnityProject/hy569-unity/UnityProject/Assets
GfxDevice: creating device client; threaded=0
Direct3D:
    Version:  Direct3D 11.0 [level 11.1]
    Renderer: NVIDIA GeForce RTX 3050 Laptop GPU (ID=0x25a2)
    Vendor:   
    VRAM:     3991 MB
    Driver:   30.0.15.1179
Initialize mono
Mono path[0] = 'C:/Program Files/Unity/Hub/Editor/2020.2.2f1/Editor/Data/Managed'
Mono path[1] = 'C:/Program Files/Unity/Hub/Editor/2020.2.2f1/Editor/Data/MonoBleedingEdge/lib/mono/unityjit'
Mono config path = 'C:/Program Files/Unity/Hub/Editor/2020.2.2f1/Editor/Data/MonoBleedingEdge/etc'
Using monoOptions --debugger-agent=transport=dt_socket,embedding=1,server=y,suspend=n,address=127.0.0.1:56736
Begin MonoManager ReloadAssembly
Registering precompiled unity dll's ...
Register platform support module: C:/Program Files/Unity/Hub/Editor/2020.2.2f1/Editor/Data/PlaybackEngines/WindowsStandaloneSupport/UnityEditor.WindowsStandalone.Extensions.dll
Registered in 0.000866 seconds.
Native extension for WindowsStandalone target not found
Refreshing native plugins compatible for Editor in 28.51 ms, found 0 plugins.
Preloading 0 native plugins for Editor in 0.00 ms.
Invoked RoslynAnalysisRunner static constructor.
RoslynAnalysisRunner will not be running.
RoslynAnalysisRunner has terminated.
Mono: successfully reloaded assembly
- Completed reload, in  1.642 seconds
Platform modules already initialized, skipping
Registering precompiled user dll's ...
Registered in 0.000518 seconds.
Begin MonoManager ReloadAssembly
Native extension for WindowsStandalone target not found
Refreshing native plugins compatible for Editor in 0.28 ms, found 0 plugins.
Preloading 0 native plugins for Editor in 0.00 ms.
Invoked RoslynAnalysisRunner static constructor.
RoslynAnalysisRunner will not be running.
RoslynAnalysisRunner has terminated.
Mono: successfully reloaded assembly
- Completed reload, in  0.679 seconds
Platform modules already initialized, skipping
========================================================================
Worker process is ready to serve import requests
Launched and connected shader compiler UnityShaderCompiler.exe after 0.04 seconds
Refreshing native plugins compatible for Editor in 0.22 ms, found 0 plugins.
Preloading 0 native plugins for Editor in 0.00 ms.
Unloading 1489 Unused Serialized files (Serialized files now loaded: 0)
System memory in use before: 69.3 MB.
System memory in use after: 69.4 MB.

Unloading 11 unused Assets to reduce memory usage. Loaded Objects now: 1932.
Total: 3.012800 ms (FindLiveObjects: 0.214500 ms CreateObjectMapping: 0.054800 ms MarkObjects: 2.628600 ms  DeleteObjects: 0.113200 ms)

========================================================================
Received Import Request.
  path: Assets/Assets/Scripts/Login.cs
  artifactKey: Guid(b0a49eea2491717419965222e8d886f5) Importer(815301076,1909f56bfc062723c751e8b465ee728b)
Start importing Assets/Assets/Scripts/Login.cs using Guid(b0a49eea2491717419965222e8d886f5) Importer(815301076,1909f56bfc062723c751e8b465ee728b)  -> (artifact id: '0276f9b1ea25edeccf6cba40fe507215') in 0.030055 seconds
  Import took 0.034565 seconds .

========================================================================
Received Prepare
Registering precompiled user dll's ...
Registered in 0.001113 seconds.
Begin MonoManager ReloadAssembly
Native extension for WindowsStandalone target not found
Refreshing native plugins compatible for Editor in 0.23 ms, found 0 plugins.
Preloading 0 native plugins for Editor in 0.00 ms.
Invoked RoslynAnalysisRunner static constructor.
RoslynAnalysisRunner will not be running.
RoslynAnalysisRunner has terminated.
Mono: successfully reloaded assembly
- Completed reload, in  0.873 seconds
Platform modules already initialized, skipping
Switching build target platform(5) subTarget(0) extendedPlatform(0) -> platform(13) subTarget(589824) extendedPlatform(0)
Refreshing native plugins compatible for Editor in 0.22 ms, found 0 plugins.
Preloading 0 native plugins for Editor in 0.00 ms.
Unloading 1469 Unused Serialized files (Serialized files now loaded: 0)
System memory in use before: 68.0 MB.
System memory in use after: 68.1 MB.

Unloading 6 unused Assets to reduce memory usage. Loaded Objects now: 1936.
Total: 1.977200 ms (FindLiveObjects: 0.236600 ms CreateObjectMapping: 0.192800 ms MarkObjects: 1.505400 ms  DeleteObjects: 0.040400 ms)

AssetImportParameters requested are different than current active one (requested -> active):
  custom:graphics/normal-map-encoding: 01000000000000000000000000000000 -> 02000000000000000000000000000000
========================================================================
Received Prepare
Registering precompiled user dll's ...
Registered in 0.001474 seconds.
Begin MonoManager ReloadAssembly
Native extension for WindowsStandalone target not found
Refreshing native plugins compatible for Editor in 0.72 ms, found 0 plugins.
Preloading 0 native plugins for Editor in 0.00 ms.
Invoked RoslynAnalysisRunner static constructor.
RoslynAnalysisRunner will not be running.
RoslynAnalysisRunner has terminated.
Mono: successfully reloaded assembly
- Completed reload, in  1.941 seconds
Platform modules already initialized, skipping
Switching build target platform(5) subTarget(0) extendedPlatform(0) -> platform(13) subTarget(589824) extendedPlatform(0)
Refreshing native plugins compatible for Editor in 0.69 ms, found 0 plugins.
Preloading 0 native plugins for Editor in 0.00 ms.
Unloading 1469 Unused Serialized files (Serialized files now loaded: 0)
System memory in use before: 68.1 MB.
System memory in use after: 68.2 MB.

Unloading 6 unused Assets to reduce memory usage. Loaded Objects now: 1940.
Total: 3.433600 ms (FindLiveObjects: 0.317200 ms CreateObjectMapping: 0.075400 ms MarkObjects: 2.980600 ms  DeleteObjects: 0.058000 ms)

AssetImportParameters requested are different than current active one (requested -> active):
  custom:graphics/normal-map-encoding: 01000000000000000000000000000000 -> 02000000000000000000000000000000
========================================================================
Received Import Request.
  Time since last request: 327.393755 seconds.
  path: Assets/Assets/Scripts/Login.cs
  artifactKey: Guid(b0a49eea2491717419965222e8d886f5) Importer(815301076,1909f56bfc062723c751e8b465ee728b)
Start importing Assets/Assets/Scripts/Login.cs using Guid(b0a49eea2491717419965222e8d886f5) Importer(815301076,1909f56bfc062723c751e8b465ee728b)  -> (artifact id: '5dc5990978c0b4d45ce79b2d6079c803') in 0.011413 seconds
  Import took 0.027582 seconds .

========================================================================
Received Import Request.
  Time since last request: 56.157958 seconds.
  path: Assets/Assets/Prefabs/LoginPage.prefab
  artifactKey: Guid(3b7e74ebc499e3c4e85ed0b887ef8f4e) Importer(815301076,1909f56bfc062723c751e8b465ee728b)
Start importing Assets/Assets/Prefabs/LoginPage.prefab using Guid(3b7e74ebc499e3c4e85ed0b887ef8f4e) Importer(815301076,1909f56bfc062723c751e8b465ee728b)  -> (artifact id: '3fbdbf1a6be5143ab785ed09b2dbf788') in 0.128991 seconds
  Import took 0.133435 seconds .

========================================================================
Received Import Request.
  Time since last request: 0.000236 seconds.
  path: Assets/Assets/Prefabs/ScanRiddlePage.prefab
  artifactKey: Guid(88b694423c03d6540b73c5a23c998009) Importer(815301076,1909f56bfc062723c751e8b465ee728b)
Start importing Assets/Assets/Prefabs/ScanRiddlePage.prefab using Guid(88b694423c03d6540b73c5a23c998009) Importer(815301076,1909f56bfc062723c751e8b465ee728b)  -> (artifact id: 'bef87eb9868ca3236f905cea5d77de95') in 0.023334 seconds
  Import took 0.026605 seconds .

========================================================================
Received Import Request.
  Time since last request: 0.000183 seconds.
  path: Assets/Assets/Prefabs/LoginPage.prefab
  artifactKey: Guid(3b7e74ebc499e3c4e85ed0b887ef8f4e) Importer(815301076,1909f56bfc062723c751e8b465ee728b)
Start importing Assets/Assets/Prefabs/LoginPage.prefab using Guid(3b7e74ebc499e3c4e85ed0b887ef8f4e) Importer(815301076,1909f56bfc062723c751e8b465ee728b)  -> (artifact id: '3fbdbf1a6be5143ab785ed09b2dbf788') in 0.016135 seconds
  Import took 0.019759 seconds .

========================================================================
Received Import Request.
  Time since last request: 0.000218 seconds.
  path: Assets/Assets/Prefabs/ScanRiddlePage.prefab
  artifactKey: Guid(88b694423c03d6540b73c5a23c998009) Importer(815301076,1909f56bfc062723c751e8b465ee728b)
Start importing Assets/Assets/Prefabs/ScanRiddlePage.prefab using Guid(88b694423c03d6540b73c5a23c998009) Importer(815301076,1909f56bfc062723c751e8b465ee728b)  -> (artifact id: 'bef87eb9868ca3236f905cea5d77de95') in 0.015595 seconds
  Import took 0.019251 seconds .

========================================================================
Received Import Request.
  Time since last request: 0.000212 seconds.
  path: Assets/Assets/Prefabs/Tutorial.prefab
  artifactKey: Guid(63c8409105fa4f14d9875a5a0f755f9c) Importer(815301076,1909f56bfc062723c751e8b465ee728b)
Start importing Assets/Assets/Prefabs/Tutorial.prefab using Guid(63c8409105fa4f14d9875a5a0f755f9c) Importer(815301076,1909f56bfc062723c751e8b465ee728b)  -> (artifact id: '39f207dc9b1cfd4ffef366ce7cce64f0') in 0.016392 seconds
  Import took 0.020146 seconds .

========================================================================
Received Prepare
Refreshing native plugins compatible for Editor in 1.67 ms, found 0 plugins.
Preloading 0 native plugins for Editor in 0.00 ms.
Unloading 3 Unused Serialized files (Serialized files now loaded: 0)
System memory in use before: 41.2 MB.
System memory in use after: 41.3 MB.

Unloading 4 unused Assets to reduce memory usage. Loaded Objects now: 1943.
Total: 6.515400 ms (FindLiveObjects: 0.212200 ms CreateObjectMapping: 0.074300 ms MarkObjects: 6.132400 ms  DeleteObjects: 0.093700 ms)

